2019-02-23 23:40:01,588 [8] ERROR WherePigsFlyFms.Controllers.FarmBaseController - Error @:2/23/2019 11:40:01 PM 
System.InvalidOperationException: Sequence contains no elements
   at System.Linq.Enumerable.First[TSource](IEnumerable`1 source)
   at System.Data.Entity.Core.Objects.ELinq.ObjectQueryProvider.<GetElementFunction>b__0[TResult](IEnumerable`1 sequence)
   at System.Data.Entity.Core.Objects.ELinq.ObjectQueryProvider.ExecuteSingle[TResult](IEnumerable`1 query, Expression queryRoot)
   at System.Data.Entity.Core.Objects.ELinq.ObjectQueryProvider.System.Linq.IQueryProvider.Execute[TResult](Expression expression)
   at System.Data.Entity.Internal.Linq.DbQueryProvider.Execute[TResult](Expression expression)
   at System.Linq.Queryable.First[TSource](IQueryable`1 source)
   at WherePigsFlyFms.Controllers.HomeController.GetPickListCodeDescription(String listType, Int32 index) in C:\Cokergit\FarmManagementSystem\WherePigsFlyFms\WherePigsFlyFms\Controllers\HomeController.cs:line 257
   at WherePigsFlyFms.Controllers.HomeController.ViewAnimalDetails(Int32 id) in C:\Cokergit\FarmManagementSystem\WherePigsFlyFms\WherePigsFlyFms\Controllers\HomeController.cs:line 137
2019-02-23 23:40:11,779 [8] ERROR WherePigsFlyFms.Controllers.FarmBaseController - Error @:2/23/2019 11:40:11 PM 
System.Data.Entity.Infrastructure.DbUpdateException: An error occurred while updating the entries. See the inner exception for details. ---> System.Data.Entity.Core.UpdateException: An error occurred while updating the entries. See the inner exception for details. ---> System.Data.SqlClient.SqlException: The INSERT statement conflicted with the FOREIGN KEY constraint "FK_dbo.VaccinationModels_dbo.Animals_FK_Animal_Id". The conflict occurred in database "FmsDb", table "dbo.Animals", column 'Id'.
The statement has been terminated.
   at System.Data.SqlClient.SqlConnection.OnError(SqlException exception, Boolean breakConnection, Action`1 wrapCloseInAction)
   at System.Data.SqlClient.SqlInternalConnection.OnError(SqlException exception, Boolean breakConnection, Action`1 wrapCloseInAction)
   at System.Data.SqlClient.TdsParser.ThrowExceptionAndWarning(TdsParserStateObject stateObj, Boolean callerHasConnectionLock, Boolean asyncClose)
   at System.Data.SqlClient.TdsParser.TryRun(RunBehavior runBehavior, SqlCommand cmdHandler, SqlDataReader dataStream, BulkCopySimpleResultSet bulkCopyHandler, TdsParserStateObject stateObj, Boolean& dataReady)
   at System.Data.SqlClient.SqlDataReader.TryConsumeMetaData()
   at System.Data.SqlClient.SqlDataReader.get_MetaData()
   at System.Data.SqlClient.SqlCommand.FinishExecuteReader(SqlDataReader ds, RunBehavior runBehavior, String resetOptionsString, Boolean isInternal, Boolean forDescribeParameterEncryption, Boolean shouldCacheForAlwaysEncrypted)
   at System.Data.SqlClient.SqlCommand.RunExecuteReaderTds(CommandBehavior cmdBehavior, RunBehavior runBehavior, Boolean returnStream, Boolean async, Int32 timeout, Task& task, Boolean asyncWrite, Boolean inRetry, SqlDataReader ds, Boolean describeParameterEncryptionRequest)
   at System.Data.SqlClient.SqlCommand.RunExecuteReader(CommandBehavior cmdBehavior, RunBehavior runBehavior, Boolean returnStream, String method, TaskCompletionSource`1 completion, Int32 timeout, Task& task, Boolean& usedCache, Boolean asyncWrite, Boolean inRetry)
   at System.Data.SqlClient.SqlCommand.RunExecuteReader(CommandBehavior cmdBehavior, RunBehavior runBehavior, Boolean returnStream, String method)
   at System.Data.SqlClient.SqlCommand.ExecuteReader(CommandBehavior behavior, String method)
   at System.Data.SqlClient.SqlCommand.ExecuteDbDataReader(CommandBehavior behavior)
   at System.Data.Common.DbCommand.ExecuteReader(CommandBehavior behavior)
   at System.Data.Entity.Infrastructure.Interception.DbCommandDispatcher.<Reader>b__c(DbCommand t, DbCommandInterceptionContext`1 c)
   at System.Data.Entity.Infrastructure.Interception.InternalDispatcher`1.Dispatch[TTarget,TInterceptionContext,TResult](TTarget target, Func`3 operation, TInterceptionContext interceptionContext, Action`3 executing, Action`3 executed)
   at System.Data.Entity.Infrastructure.Interception.DbCommandDispatcher.Reader(DbCommand command, DbCommandInterceptionContext interceptionContext)
   at System.Data.Entity.Internal.InterceptableDbCommand.ExecuteDbDataReader(CommandBehavior behavior)
   at System.Data.Common.DbCommand.ExecuteReader(CommandBehavior behavior)
   at System.Data.Entity.Core.Mapping.Update.Internal.DynamicUpdateCommand.Execute(Dictionary`2 identifierValues, List`1 generatedValues)
   at System.Data.Entity.Core.Mapping.Update.Internal.UpdateTranslator.Update()
   --- End of inner exception stack trace ---
   at System.Data.Entity.Core.Mapping.Update.Internal.UpdateTranslator.Update()
   at System.Data.Entity.Core.EntityClient.Internal.EntityAdapter.<Update>b__2(UpdateTranslator ut)
   at System.Data.Entity.Core.EntityClient.Internal.EntityAdapter.Update[T](T noChangesResult, Func`2 updateFunction)
   at System.Data.Entity.Core.EntityClient.Internal.EntityAdapter.Update()
   at System.Data.Entity.Core.Objects.ObjectContext.<SaveChangesToStore>b__35()
   at System.Data.Entity.Core.Objects.ObjectContext.ExecuteInTransaction[T](Func`1 func, IDbExecutionStrategy executionStrategy, Boolean startLocalTransaction, Boolean releaseConnectionOnSuccess)
   at System.Data.Entity.Core.Objects.ObjectContext.SaveChangesToStore(SaveOptions options, IDbExecutionStrategy executionStrategy, Boolean startLocalTransaction)
   at System.Data.Entity.Core.Objects.ObjectContext.<>c__DisplayClass2a.<SaveChangesInternal>b__27()
   at System.Data.Entity.SqlServer.DefaultSqlExecutionStrategy.Execute[TResult](Func`1 operation)
   at System.Data.Entity.Core.Objects.ObjectContext.SaveChangesInternal(SaveOptions options, Boolean executeInExistingTransaction)
   at System.Data.Entity.Core.Objects.ObjectContext.SaveChanges(SaveOptions options)
   at System.Data.Entity.Internal.InternalContext.SaveChanges()
   --- End of inner exception stack trace ---
   at System.Data.Entity.Internal.InternalContext.SaveChanges()
   at System.Data.Entity.Internal.LazyInternalContext.SaveChanges()
   at System.Data.Entity.DbContext.SaveChanges()
   at WherePigsFlyFms.UnitOfWork.FmsUoW.Commit() in C:\Cokergit\FarmManagementSystem\WherePigsFlyFms\WherePigsFlyFms\UnitOfWork\FmsUoW.cs:line 92
   at WherePigsFlyFms.Controllers.HomeController.SaveVaccineHistory(FarmViewModel model) in C:\Cokergit\FarmManagementSystem\WherePigsFlyFms\WherePigsFlyFms\Controllers\HomeController.cs:line 77
2019-02-23 23:40:13,848 [9] ERROR WherePigsFlyFms.Controllers.FarmBaseController - Error @:2/23/2019 11:40:13 PM 
System.InvalidOperationException: Sequence contains no elements
   at System.Linq.Enumerable.First[TSource](IEnumerable`1 source)
   at System.Data.Entity.Core.Objects.ELinq.ObjectQueryProvider.<GetElementFunction>b__0[TResult](IEnumerable`1 sequence)
   at System.Data.Entity.Core.Objects.ELinq.ObjectQueryProvider.ExecuteSingle[TResult](IEnumerable`1 query, Expression queryRoot)
   at System.Data.Entity.Core.Objects.ELinq.ObjectQueryProvider.System.Linq.IQueryProvider.Execute[TResult](Expression expression)
   at System.Data.Entity.Internal.Linq.DbQueryProvider.Execute[TResult](Expression expression)
   at System.Linq.Queryable.First[TSource](IQueryable`1 source)
   at WherePigsFlyFms.Controllers.HomeController.GetPickListCodeDescription(String listType, Int32 index) in C:\Cokergit\FarmManagementSystem\WherePigsFlyFms\WherePigsFlyFms\Controllers\HomeController.cs:line 257
   at WherePigsFlyFms.Controllers.HomeController.ViewAnimalDetails(Int32 id) in C:\Cokergit\FarmManagementSystem\WherePigsFlyFms\WherePigsFlyFms\Controllers\HomeController.cs:line 137
2019-02-23 23:49:17,369 [5] ERROR WherePigsFlyFms.Controllers.FarmBaseController - Error @:2/23/2019 11:49:17 PM 
System.InvalidOperationException: Sequence contains no elements
   at System.Linq.Enumerable.First[TSource](IEnumerable`1 source)
   at System.Data.Entity.Core.Objects.ELinq.ObjectQueryProvider.<GetElementFunction>b__0[TResult](IEnumerable`1 sequence)
   at System.Data.Entity.Core.Objects.ELinq.ObjectQueryProvider.ExecuteSingle[TResult](IEnumerable`1 query, Expression queryRoot)
   at System.Data.Entity.Core.Objects.ELinq.ObjectQueryProvider.System.Linq.IQueryProvider.Execute[TResult](Expression expression)
   at System.Data.Entity.Internal.Linq.DbQueryProvider.Execute[TResult](Expression expression)
   at System.Linq.Queryable.First[TSource](IQueryable`1 source)
   at WherePigsFlyFms.Controllers.HomeController.GetPickListCodeDescription(String listType, Int32 index) in C:\Cokergit\FarmManagementSystem\WherePigsFlyFms\WherePigsFlyFms\Controllers\HomeController.cs:line 258
   at WherePigsFlyFms.Controllers.HomeController.ViewAnimalDetails(Int32 id) in C:\Cokergit\FarmManagementSystem\WherePigsFlyFms\WherePigsFlyFms\Controllers\HomeController.cs:line 138
2019-02-23 23:54:06,412 [8] ERROR WherePigsFlyFms.Controllers.FarmBaseController - Error @:2/23/2019 11:54:06 PM 
System.InvalidOperationException: Sequence contains no elements
   at System.Linq.Enumerable.First[TSource](IEnumerable`1 source)
   at System.Data.Entity.Core.Objects.ELinq.ObjectQueryProvider.<GetElementFunction>b__0[TResult](IEnumerable`1 sequence)
   at System.Data.Entity.Core.Objects.ELinq.ObjectQueryProvider.ExecuteSingle[TResult](IEnumerable`1 query, Expression queryRoot)
   at System.Data.Entity.Core.Objects.ELinq.ObjectQueryProvider.System.Linq.IQueryProvider.Execute[TResult](Expression expression)
   at System.Data.Entity.Internal.Linq.DbQueryProvider.Execute[TResult](Expression expression)
   at System.Linq.Queryable.First[TSource](IQueryable`1 source)
   at WherePigsFlyFms.Controllers.HomeController.GetPickListCodeDescription(String listType, Int32 index) in C:\Cokergit\FarmManagementSystem\WherePigsFlyFms\WherePigsFlyFms\Controllers\HomeController.cs:line 258
   at WherePigsFlyFms.Controllers.HomeController.ViewAnimalDetails(Int32 id) in C:\Cokergit\FarmManagementSystem\WherePigsFlyFms\WherePigsFlyFms\Controllers\HomeController.cs:line 138
2019-02-23 23:54:08,543 [6] ERROR WherePigsFlyFms.Controllers.FarmBaseController - Error @:2/23/2019 11:54:08 PM 
System.InvalidOperationException: Sequence contains no elements
   at System.Linq.Enumerable.First[TSource](IEnumerable`1 source)
   at System.Data.Entity.Core.Objects.ELinq.ObjectQueryProvider.<GetElementFunction>b__0[TResult](IEnumerable`1 sequence)
   at System.Data.Entity.Core.Objects.ELinq.ObjectQueryProvider.ExecuteSingle[TResult](IEnumerable`1 query, Expression queryRoot)
   at System.Data.Entity.Core.Objects.ELinq.ObjectQueryProvider.System.Linq.IQueryProvider.Execute[TResult](Expression expression)
   at System.Data.Entity.Internal.Linq.DbQueryProvider.Execute[TResult](Expression expression)
   at System.Linq.Queryable.First[TSource](IQueryable`1 source)
   at WherePigsFlyFms.Controllers.HomeController.GetPickListCodeDescription(String listType, Int32 index) in C:\Cokergit\FarmManagementSystem\WherePigsFlyFms\WherePigsFlyFms\Controllers\HomeController.cs:line 258
   at WherePigsFlyFms.Controllers.HomeController.ViewAnimalDetails(Int32 id) in C:\Cokergit\FarmManagementSystem\WherePigsFlyFms\WherePigsFlyFms\Controllers\HomeController.cs:line 138
2019-02-24 00:02:55,950 [25] ERROR WherePigsFlyFms.Controllers.FarmBaseController - Error @:2/24/2019 12:02:55 AM 
System.InvalidOperationException: Sequence contains no elements
   at System.Linq.Enumerable.First[TSource](IEnumerable`1 source)
   at System.Data.Entity.Core.Objects.ELinq.ObjectQueryProvider.<GetElementFunction>b__0[TResult](IEnumerable`1 sequence)
   at System.Data.Entity.Core.Objects.ELinq.ObjectQueryProvider.ExecuteSingle[TResult](IEnumerable`1 query, Expression queryRoot)
   at System.Data.Entity.Core.Objects.ELinq.ObjectQueryProvider.System.Linq.IQueryProvider.Execute[TResult](Expression expression)
   at System.Data.Entity.Internal.Linq.DbQueryProvider.Execute[TResult](Expression expression)
   at System.Linq.Queryable.First[TSource](IQueryable`1 source)
   at WherePigsFlyFms.Controllers.HomeController.GetPickListCodeDescription(String listType, Int32 index) in C:\Cokergit\FarmManagementSystem\WherePigsFlyFms\WherePigsFlyFms\Controllers\HomeController.cs:line 258
   at WherePigsFlyFms.Controllers.HomeController.ViewAnimalDetails(Int32 id) in C:\Cokergit\FarmManagementSystem\WherePigsFlyFms\WherePigsFlyFms\Controllers\HomeController.cs:line 138
2019-02-24 00:03:02,151 [27] ERROR WherePigsFlyFms.Controllers.FarmBaseController - Error @:2/24/2019 12:03:02 AM 
System.InvalidOperationException: Sequence contains no elements
   at System.Linq.Enumerable.First[TSource](IEnumerable`1 source)
   at System.Data.Entity.Core.Objects.ELinq.ObjectQueryProvider.<GetElementFunction>b__0[TResult](IEnumerable`1 sequence)
   at System.Data.Entity.Core.Objects.ELinq.ObjectQueryProvider.ExecuteSingle[TResult](IEnumerable`1 query, Expression queryRoot)
   at System.Data.Entity.Core.Objects.ELinq.ObjectQueryProvider.System.Linq.IQueryProvider.Execute[TResult](Expression expression)
   at System.Data.Entity.Internal.Linq.DbQueryProvider.Execute[TResult](Expression expression)
   at System.Linq.Queryable.First[TSource](IQueryable`1 source)
   at WherePigsFlyFms.Controllers.HomeController.GetPickListCodeDescription(String listType, Int32 index) in C:\Cokergit\FarmManagementSystem\WherePigsFlyFms\WherePigsFlyFms\Controllers\HomeController.cs:line 258
   at WherePigsFlyFms.Controllers.HomeController.ViewAnimalDetails(Int32 id) in C:\Cokergit\FarmManagementSystem\WherePigsFlyFms\WherePigsFlyFms\Controllers\HomeController.cs:line 138
2019-02-24 00:03:14,944 [25] ERROR WherePigsFlyFms.Controllers.FarmBaseController - Error @:2/24/2019 12:03:14 AM 
System.InvalidOperationException: Sequence contains no elements
   at System.Linq.Enumerable.First[TSource](IEnumerable`1 source)
   at System.Data.Entity.Core.Objects.ELinq.ObjectQueryProvider.<GetElementFunction>b__0[TResult](IEnumerable`1 sequence)
   at System.Data.Entity.Core.Objects.ELinq.ObjectQueryProvider.ExecuteSingle[TResult](IEnumerable`1 query, Expression queryRoot)
   at System.Data.Entity.Core.Objects.ELinq.ObjectQueryProvider.System.Linq.IQueryProvider.Execute[TResult](Expression expression)
   at System.Data.Entity.Internal.Linq.DbQueryProvider.Execute[TResult](Expression expression)
   at System.Linq.Queryable.First[TSource](IQueryable`1 source)
   at WherePigsFlyFms.Controllers.HomeController.GetPickListCodeDescription(String listType, Int32 index) in C:\Cokergit\FarmManagementSystem\WherePigsFlyFms\WherePigsFlyFms\Controllers\HomeController.cs:line 258
   at WherePigsFlyFms.Controllers.HomeController.ViewAnimalDetails(Int32 id) in C:\Cokergit\FarmManagementSystem\WherePigsFlyFms\WherePigsFlyFms\Controllers\HomeController.cs:line 138
2019-02-24 00:08:42,888 [37] ERROR WherePigsFlyFms.Controllers.FarmBaseController - Error @:2/24/2019 12:08:42 AM 
System.InvalidOperationException: Sequence contains no elements
   at System.Linq.Enumerable.First[TSource](IEnumerable`1 source)
   at System.Data.Entity.Core.Objects.ELinq.ObjectQueryProvider.<GetElementFunction>b__0[TResult](IEnumerable`1 sequence)
   at System.Data.Entity.Core.Objects.ELinq.ObjectQueryProvider.ExecuteSingle[TResult](IEnumerable`1 query, Expression queryRoot)
   at System.Data.Entity.Core.Objects.ELinq.ObjectQueryProvider.System.Linq.IQueryProvider.Execute[TResult](Expression expression)
   at System.Data.Entity.Internal.Linq.DbQueryProvider.Execute[TResult](Expression expression)
   at System.Linq.Queryable.First[TSource](IQueryable`1 source)
   at WherePigsFlyFms.Controllers.HomeController.GetPickListCodeDescription(String listType, Int32 index) in C:\Cokergit\FarmManagementSystem\WherePigsFlyFms\WherePigsFlyFms\Controllers\HomeController.cs:line 258
   at WherePigsFlyFms.Controllers.HomeController.ViewAnimalDetails(Int32 id) in C:\Cokergit\FarmManagementSystem\WherePigsFlyFms\WherePigsFlyFms\Controllers\HomeController.cs:line 138
2019-02-24 00:11:27,012 [37] ERROR WherePigsFlyFms.Controllers.FarmBaseController - Error @:2/24/2019 12:11:27 AM 
System.InvalidOperationException: Sequence contains no elements
   at System.Linq.Enumerable.First[TSource](IEnumerable`1 source)
   at System.Data.Entity.Core.Objects.ELinq.ObjectQueryProvider.<GetElementFunction>b__0[TResult](IEnumerable`1 sequence)
   at System.Data.Entity.Core.Objects.ELinq.ObjectQueryProvider.ExecuteSingle[TResult](IEnumerable`1 query, Expression queryRoot)
   at System.Data.Entity.Core.Objects.ELinq.ObjectQueryProvider.System.Linq.IQueryProvider.Execute[TResult](Expression expression)
   at System.Data.Entity.Internal.Linq.DbQueryProvider.Execute[TResult](Expression expression)
   at System.Linq.Queryable.First[TSource](IQueryable`1 source)
   at WherePigsFlyFms.Controllers.HomeController.GetPickListCodeDescription(String listType, Int32 index) in C:\Cokergit\FarmManagementSystem\WherePigsFlyFms\WherePigsFlyFms\Controllers\HomeController.cs:line 258
   at WherePigsFlyFms.Controllers.HomeController.ViewAnimalDetails(Int32 id) in C:\Cokergit\FarmManagementSystem\WherePigsFlyFms\WherePigsFlyFms\Controllers\HomeController.cs:line 138
2019-02-24 00:11:37,671 [37] ERROR WherePigsFlyFms.Controllers.FarmBaseController - Error @:2/24/2019 12:11:37 AM 
System.InvalidOperationException: Sequence contains no elements
   at System.Linq.Enumerable.First[TSource](IEnumerable`1 source)
   at System.Data.Entity.Core.Objects.ELinq.ObjectQueryProvider.<GetElementFunction>b__0[TResult](IEnumerable`1 sequence)
   at System.Data.Entity.Core.Objects.ELinq.ObjectQueryProvider.ExecuteSingle[TResult](IEnumerable`1 query, Expression queryRoot)
   at System.Data.Entity.Core.Objects.ELinq.ObjectQueryProvider.System.Linq.IQueryProvider.Execute[TResult](Expression expression)
   at System.Data.Entity.Internal.Linq.DbQueryProvider.Execute[TResult](Expression expression)
   at System.Linq.Queryable.First[TSource](IQueryable`1 source)
   at WherePigsFlyFms.Controllers.HomeController.GetPickListCodeDescription(String listType, Int32 index) in C:\Cokergit\FarmManagementSystem\WherePigsFlyFms\WherePigsFlyFms\Controllers\HomeController.cs:line 258
   at WherePigsFlyFms.Controllers.HomeController.ViewAnimalDetails(Int32 id) in C:\Cokergit\FarmManagementSystem\WherePigsFlyFms\WherePigsFlyFms\Controllers\HomeController.cs:line 138
2019-02-24 00:16:13,259 [37] ERROR WherePigsFlyFms.Controllers.FarmBaseController - Error @:2/24/2019 12:16:13 AM 
System.InvalidOperationException: Sequence contains no elements
   at System.Linq.Enumerable.First[TSource](IEnumerable`1 source)
   at System.Data.Entity.Core.Objects.ELinq.ObjectQueryProvider.<GetElementFunction>b__0[TResult](IEnumerable`1 sequence)
   at System.Data.Entity.Core.Objects.ELinq.ObjectQueryProvider.ExecuteSingle[TResult](IEnumerable`1 query, Expression queryRoot)
   at System.Data.Entity.Core.Objects.ELinq.ObjectQueryProvider.System.Linq.IQueryProvider.Execute[TResult](Expression expression)
   at System.Data.Entity.Internal.Linq.DbQueryProvider.Execute[TResult](Expression expression)
   at System.Linq.Queryable.First[TSource](IQueryable`1 source)
   at WherePigsFlyFms.Controllers.HomeController.GetPickListCodeDescription(String listType, Int32 index)
   at WherePigsFlyFms.Controllers.HomeController.ViewAnimalDetails(Int32 id)
2019-02-27 18:01:20,072 [10] ERROR WherePigsFlyFms.Controllers.FarmBaseController - Error @:2/27/2019 6:01:20 PM 
System.InvalidOperationException: The operation cannot be completed because the DbContext has been disposed.
   at System.Data.Entity.Internal.LazyInternalContext.InitializeContext()
   at System.Data.Entity.Internal.InternalContext.Initialize()
   at System.Data.Entity.Internal.Linq.InternalQuery`1.GetEnumerator()
   at System.Data.Entity.Infrastructure.DbQuery`1.System.Collections.Generic.IEnumerable<TResult>.GetEnumerator()
   at System.Collections.Generic.List`1..ctor(IEnumerable`1 collection)
   at System.Linq.Enumerable.ToList[TSource](IEnumerable`1 source)
   at WherePigsFlyFms.Controllers.HomeController.UpdateAnimalDetails(Int32 id) in C:\Cokergit\FarmManagementSystem\WherePigsFlyFms\WherePigsFlyFms\Controllers\HomeController.cs:line 240
2019-02-27 18:01:30,552 [8] ERROR WherePigsFlyFms.Controllers.FarmBaseController - Error @:2/27/2019 6:01:30 PM 
System.InvalidOperationException: The operation cannot be completed because the DbContext has been disposed.
   at System.Data.Entity.Internal.LazyInternalContext.InitializeContext()
   at System.Data.Entity.Internal.InternalContext.Initialize()
   at System.Data.Entity.Internal.Linq.InternalQuery`1.GetEnumerator()
   at System.Data.Entity.Infrastructure.DbQuery`1.System.Collections.Generic.IEnumerable<TResult>.GetEnumerator()
   at System.Collections.Generic.List`1..ctor(IEnumerable`1 collection)
   at System.Linq.Enumerable.ToList[TSource](IEnumerable`1 source)
   at WherePigsFlyFms.Controllers.HomeController.UpdateAnimalDetails(Int32 id) in C:\Cokergit\FarmManagementSystem\WherePigsFlyFms\WherePigsFlyFms\Controllers\HomeController.cs:line 240
2019-02-27 18:21:18,210 [8] ERROR WherePigsFlyFms.Controllers.FarmBaseController - Error @:2/27/2019 6:21:18 PM 
System.InvalidOperationException: The context cannot be used while the model is being created. This exception may be thrown if the context is used inside the OnModelCreating method or if the same context instance is accessed by multiple threads concurrently. Note that instance members of DbContext and related classes are not guaranteed to be thread safe.
   at System.Data.Entity.Internal.LazyInternalContext.InitializeContext()
   at System.Data.Entity.Internal.InternalContext.Initialize()
   at System.Data.Entity.Internal.InternalContext.GetEntitySetAndBaseTypeForType(Type entityType)
   at System.Data.Entity.Internal.Linq.InternalSet`1.Initialize()
   at System.Data.Entity.Internal.Linq.InternalSet`1.get_InternalContext()
   at System.Data.Entity.Infrastructure.DbQuery`1.System.Linq.IQueryable.get_Provider()
   at System.Linq.Queryable.Where[TSource](IQueryable`1 source, Expression`1 predicate)
   at WherePigsFlyFms.Repository.GenericRepository`1.FindMany(Expression`1 predicate) in C:\Cokergit\FarmManagementSystem\WherePigsFlyFms\WherePigsFlyFms\Repository\GenericRepository.cs:line 44
   at WherePigsFlyFms.Controllers.HomeController.Index() in C:\Cokergit\FarmManagementSystem\WherePigsFlyFms\WherePigsFlyFms\Controllers\HomeController.cs:line 32
2019-02-27 18:21:18,650 [10] ERROR WherePigsFlyFms.Controllers.FarmBaseController - Error @:2/27/2019 6:21:18 PM 
System.Data.Entity.Core.EntityCommandExecutionException: An error occurred while executing the command definition. See the inner exception for details. ---> System.InvalidOperationException: There is already an open DataReader associated with this Command which must be closed first.
   at System.Data.SqlClient.SqlInternalConnectionTds.ValidateConnectionForExecute(SqlCommand command)
   at System.Data.SqlClient.SqlConnection.ValidateConnectionForExecute(String method, SqlCommand command)
   at System.Data.SqlClient.SqlCommand.ValidateCommand(String method, Boolean async)
   at System.Data.SqlClient.SqlCommand.RunExecuteReader(CommandBehavior cmdBehavior, RunBehavior runBehavior, Boolean returnStream, String method, TaskCompletionSource`1 completion, Int32 timeout, Task& task, Boolean& usedCache, Boolean asyncWrite, Boolean inRetry)
   at System.Data.SqlClient.SqlCommand.RunExecuteReader(CommandBehavior cmdBehavior, RunBehavior runBehavior, Boolean returnStream, String method)
   at System.Data.SqlClient.SqlCommand.ExecuteReader(CommandBehavior behavior, String method)
   at System.Data.SqlClient.SqlCommand.ExecuteDbDataReader(CommandBehavior behavior)
   at System.Data.Common.DbCommand.ExecuteReader(CommandBehavior behavior)
   at System.Data.Entity.Infrastructure.Interception.DbCommandDispatcher.<Reader>b__c(DbCommand t, DbCommandInterceptionContext`1 c)
   at System.Data.Entity.Infrastructure.Interception.InternalDispatcher`1.Dispatch[TTarget,TInterceptionContext,TResult](TTarget target, Func`3 operation, TInterceptionContext interceptionContext, Action`3 executing, Action`3 executed)
   at System.Data.Entity.Infrastructure.Interception.DbCommandDispatcher.Reader(DbCommand command, DbCommandInterceptionContext interceptionContext)
   at System.Data.Entity.Internal.InterceptableDbCommand.ExecuteDbDataReader(CommandBehavior behavior)
   at System.Data.Common.DbCommand.ExecuteReader(CommandBehavior behavior)
   at System.Data.Entity.Core.EntityClient.Internal.EntityCommandDefinition.ExecuteStoreCommands(EntityCommand entityCommand, CommandBehavior behavior)
   --- End of inner exception stack trace ---
   at System.Data.Entity.Core.EntityClient.Internal.EntityCommandDefinition.ExecuteStoreCommands(EntityCommand entityCommand, CommandBehavior behavior)
   at System.Data.Entity.Core.Objects.Internal.ObjectQueryExecutionPlan.Execute[TResultType](ObjectContext context, ObjectParameterCollection parameterValues)
   at System.Data.Entity.Core.Objects.ObjectQuery`1.<>c__DisplayClass7.<GetResults>b__6()
   at System.Data.Entity.Core.Objects.ObjectContext.ExecuteInTransaction[T](Func`1 func, IDbExecutionStrategy executionStrategy, Boolean startLocalTransaction, Boolean releaseConnectionOnSuccess)
   at System.Data.Entity.Core.Objects.ObjectQuery`1.<>c__DisplayClass7.<GetResults>b__5()
   at System.Data.Entity.SqlServer.DefaultSqlExecutionStrategy.Execute[TResult](Func`1 operation)
   at System.Data.Entity.Core.Objects.ObjectQuery`1.GetResults(Nullable`1 forMergeOption)
   at System.Data.Entity.Core.Objects.ObjectQuery`1.<System.Collections.Generic.IEnumerable<T>.GetEnumerator>b__0()
   at System.Data.Entity.Internal.LazyEnumerator`1.MoveNext()
   at System.Collections.Generic.List`1..ctor(IEnumerable`1 collection)
   at System.Linq.Enumerable.ToList[TSource](IEnumerable`1 source)
   at WherePigsFlyFms.Controllers.HomeController.Index() in C:\Cokergit\FarmManagementSystem\WherePigsFlyFms\WherePigsFlyFms\Controllers\HomeController.cs:line 33
2019-02-27 18:21:18,696 [9] ERROR WherePigsFlyFms.Controllers.FarmBaseController - Error @:2/27/2019 6:21:18 PM 
System.InvalidOperationException: A connection string must be set on the connection before you attempt this operation.
   at System.Data.Entity.Core.EntityClient.EntityConnection.Open()
   at System.Data.Entity.Core.Objects.ObjectContext.EnsureConnection(Boolean shouldMonitorTransactions)
   at System.Data.Entity.Core.Objects.ObjectContext.ExecuteInTransaction[T](Func`1 func, IDbExecutionStrategy executionStrategy, Boolean startLocalTransaction, Boolean releaseConnectionOnSuccess)
   at System.Data.Entity.Core.Objects.ObjectQuery`1.<>c__DisplayClass7.<GetResults>b__5()
   at System.Data.Entity.SqlServer.DefaultSqlExecutionStrategy.Execute[TResult](Func`1 operation)
   at System.Data.Entity.Core.Objects.ObjectQuery`1.GetResults(Nullable`1 forMergeOption)
   at System.Data.Entity.Core.Objects.ObjectQuery`1.<System.Collections.Generic.IEnumerable<T>.GetEnumerator>b__0()
   at System.Data.Entity.Internal.LazyEnumerator`1.MoveNext()
   at System.Linq.Buffer`1..ctor(IEnumerable`1 source)
   at System.Linq.OrderedEnumerable`1.<GetEnumerator>d__1.MoveNext()
   at System.Collections.Generic.List`1..ctor(IEnumerable`1 collection)
   at System.Linq.Enumerable.ToList[TSource](IEnumerable`1 source)
   at WherePigsFlyFms.Controllers.HomeController.Index() in C:\Cokergit\FarmManagementSystem\WherePigsFlyFms\WherePigsFlyFms\Controllers\HomeController.cs:line 34
2019-02-27 18:29:38,824 [9] ERROR WherePigsFlyFms.Controllers.FarmBaseController - Error @:2/27/2019 6:29:38 PM 
System.NullReferenceException: Object reference not set to an instance of an object.
   at WherePigsFlyFms.Controllers.HomeController.ViewAnimalDetails(Int32 id) in C:\Cokergit\FarmManagementSystem\WherePigsFlyFms\WherePigsFlyFms\Controllers\HomeController.cs:line 137
2019-02-27 18:30:00,171 [8] ERROR WherePigsFlyFms.Controllers.FarmBaseController - Error @:2/27/2019 6:30:00 PM 
System.NullReferenceException: Object reference not set to an instance of an object.
   at WherePigsFlyFms.Controllers.HomeController.ViewAnimalDetails(Int32 id) in C:\Cokergit\FarmManagementSystem\WherePigsFlyFms\WherePigsFlyFms\Controllers\HomeController.cs:line 137
2019-02-27 18:47:47,447 [9] ERROR WherePigsFlyFms.Controllers.FarmBaseController - Error @:2/27/2019 6:47:47 PM 
System.InvalidOperationException: The context cannot be used while the model is being created. This exception may be thrown if the context is used inside the OnModelCreating method or if the same context instance is accessed by multiple threads concurrently. Note that instance members of DbContext and related classes are not guaranteed to be thread safe.
   at System.Data.Entity.Internal.LazyInternalContext.InitializeContext()
   at System.Data.Entity.Internal.InternalContext.Initialize()
   at System.Data.Entity.Internal.InternalContext.GetEntitySetAndBaseTypeForType(Type entityType)
   at System.Data.Entity.Internal.Linq.InternalSet`1.Initialize()
   at System.Data.Entity.Internal.Linq.InternalSet`1.get_InternalContext()
   at System.Data.Entity.Infrastructure.DbQuery`1.System.Linq.IQueryable.get_Provider()
   at System.Linq.Queryable.Where[TSource](IQueryable`1 source, Expression`1 predicate)
   at WherePigsFlyFms.Repository.GenericRepository`1.FindMany(Expression`1 predicate) in C:\Cokergit\FarmManagementSystem\WherePigsFlyFms\WherePigsFlyFms\Repository\GenericRepository.cs:line 44
   at WherePigsFlyFms.Controllers.HomeController.Index() in C:\Cokergit\FarmManagementSystem\WherePigsFlyFms\WherePigsFlyFms\Controllers\HomeController.cs:line 32
2019-02-27 18:47:47,972 [10] ERROR WherePigsFlyFms.Controllers.FarmBaseController - Error @:2/27/2019 6:47:47 PM 
System.Data.Entity.Core.EntityException: The underlying provider failed on Open. ---> System.InvalidOperationException: The connection was not closed. The connection's current state is connecting.
   at System.Data.ProviderBase.DbConnectionClosedConnecting.TryOpenConnection(DbConnection outerConnection, DbConnectionFactory connectionFactory, TaskCompletionSource`1 retry, DbConnectionOptions userOptions)
   at System.Data.SqlClient.SqlConnection.TryOpenInner(TaskCompletionSource`1 retry)
   at System.Data.SqlClient.SqlConnection.TryOpen(TaskCompletionSource`1 retry)
   at System.Data.SqlClient.SqlConnection.Open()
   at System.Data.Entity.Infrastructure.Interception.DbConnectionDispatcher.<Open>b__36(DbConnection t, DbConnectionInterceptionContext c)
   at System.Data.Entity.Infrastructure.Interception.InternalDispatcher`1.Dispatch[TTarget,TInterceptionContext](TTarget target, Action`2 operation, TInterceptionContext interceptionContext, Action`3 executing, Action`3 executed)
   at System.Data.Entity.Infrastructure.Interception.DbConnectionDispatcher.Open(DbConnection connection, DbInterceptionContext interceptionContext)
   at System.Data.Entity.Core.EntityClient.EntityConnection.<Open>b__2()
   at System.Data.Entity.SqlServer.DefaultSqlExecutionStrategy.<>c__DisplayClass1.<Execute>b__0()
   at System.Data.Entity.SqlServer.DefaultSqlExecutionStrategy.Execute[TResult](Func`1 operation)
   at System.Data.Entity.SqlServer.DefaultSqlExecutionStrategy.Execute(Action operation)
   at System.Data.Entity.Core.EntityClient.EntityConnection.Open()
   --- End of inner exception stack trace ---
   at System.Data.Entity.Core.EntityClient.EntityConnection.Open()
   at System.Data.Entity.Core.Objects.ObjectContext.EnsureConnection(Boolean shouldMonitorTransactions)
   at System.Data.Entity.Core.Objects.ObjectContext.ExecuteInTransaction[T](Func`1 func, IDbExecutionStrategy executionStrategy, Boolean startLocalTransaction, Boolean releaseConnectionOnSuccess)
   at System.Data.Entity.Core.Objects.ObjectQuery`1.<>c__DisplayClass7.<GetResults>b__5()
   at System.Data.Entity.SqlServer.DefaultSqlExecutionStrategy.Execute[TResult](Func`1 operation)
   at System.Data.Entity.Core.Objects.ObjectQuery`1.GetResults(Nullable`1 forMergeOption)
   at System.Data.Entity.Core.Objects.ObjectQuery`1.<System.Collections.Generic.IEnumerable<T>.GetEnumerator>b__0()
   at System.Data.Entity.Internal.LazyEnumerator`1.MoveNext()
   at System.Collections.Generic.List`1..ctor(IEnumerable`1 collection)
   at System.Linq.Enumerable.ToList[TSource](IEnumerable`1 source)
   at WherePigsFlyFms.Controllers.HomeController.Index() in C:\Cokergit\FarmManagementSystem\WherePigsFlyFms\WherePigsFlyFms\Controllers\HomeController.cs:line 33
2019-02-27 18:47:48,014 [8] ERROR WherePigsFlyFms.Controllers.FarmBaseController - Error @:2/27/2019 6:47:48 PM 
System.ObjectDisposedException: The ObjectContext instance has been disposed and can no longer be used for operations that require a connection.
   at System.Data.Entity.Core.Objects.ObjectContext.ReleaseConnection()
   at System.Data.Entity.Core.Objects.ObjectContext.ExecuteInTransaction[T](Func`1 func, IDbExecutionStrategy executionStrategy, Boolean startLocalTransaction, Boolean releaseConnectionOnSuccess)
   at System.Data.Entity.Core.Objects.ObjectQuery`1.<>c__DisplayClass7.<GetResults>b__5()
   at System.Data.Entity.SqlServer.DefaultSqlExecutionStrategy.Execute[TResult](Func`1 operation)
   at System.Data.Entity.Core.Objects.ObjectQuery`1.GetResults(Nullable`1 forMergeOption)
   at System.Data.Entity.Core.Objects.ObjectQuery`1.<System.Collections.Generic.IEnumerable<T>.GetEnumerator>b__0()
   at System.Data.Entity.Internal.LazyEnumerator`1.MoveNext()
   at System.Collections.Generic.List`1..ctor(IEnumerable`1 collection)
   at System.Linq.Enumerable.ToList[TSource](IEnumerable`1 source)
   at WherePigsFlyFms.Controllers.HomeController.Index() in C:\Cokergit\FarmManagementSystem\WherePigsFlyFms\WherePigsFlyFms\Controllers\HomeController.cs:line 35
